[11:37:57.023] [TRACE] - Initializing Appium Service started... (AppiumServer:240) 
[11:37:57.038] [TRACE] - Initializing Appium Service done... (AppiumServer:243) 
[11:37:57.038] [TRACE] - Building Appium Capabilities started... (AppiumServer:193) 
[11:37:57.038] [TRACE] - Setting capability [key: noReset, value: false]... (CapabilityUtils:64) 
[11:37:57.039] [TRACE] - Setting capability [key: fullReset, value: false]... (CapabilityUtils:64) 
[11:37:57.039] [TRACE] - Setting capability [key: newCommandTimeout, value: 120]... (CapabilityUtils:64) 
[11:37:57.039] [TRACE] - Building Appium Capabilities completed... (AppiumServer:200) 
[11:37:57.039] [TRACE] - Building Appium Service started... (AppiumServer:204) 
[11:37:57.046] [TRACE] - Building Appium Service done... (AppiumServer:215) 
[11:37:57.047] [TRACE] - Starting Appium Service... (AppiumServer:148) 
[11:37:57.779] [TRACE] - Appium Service Started... (AppiumServer:160) 
[11:37:57.787] [TRACE] - Building Device capabilities... (Device:225) 
[11:37:57.788] [TRACE] - Setting capability [key: deviceName, value: 98892a383146365553]... (CapabilityUtils:64) 
[11:37:57.788] [TRACE] - Setting capability [key: platformName, value: Android]... (CapabilityUtils:64) 
[11:37:57.788] [TRACE] - Setting capability [key: noReset, value: false]... (CapabilityUtils:64) 
[11:37:57.788] [TRACE] - Setting capability [key: fullReset, value: true]... (CapabilityUtils:64) 
[11:37:57.788] [TRACE] - Setting capability [key: newCommandTimeout, value: 120000]... (CapabilityUtils:64) 
[11:37:57.789] [TRACE] - Setting capability [key: clearSystemFiles, value: true]... (CapabilityUtils:64) 
[11:37:57.789] [TRACE] - Setting capability [key: automationName, value: Appium]... (CapabilityUtils:64) 
[11:37:57.789] [TRACE] - Setting capability [key: eventTimings, value: false]... (CapabilityUtils:64) 
[11:37:57.790] [TRACE] - Setting capability [key: appActivity, value: com.jtv.activity.SplashActivity]... (CapabilityUtils:64) 
[11:37:57.790] [TRACE] - Setting capability [key: appPackage, value: com.jtv.staging]... (CapabilityUtils:64) 
[11:37:57.790] [TRACE] - Setting capability [key: appWaitDuration, value: 0]... (CapabilityUtils:64) 
[11:37:57.790] [TRACE] - Setting capability [key: androidInstallTimeout, value: 0]... (CapabilityUtils:64) 
[11:37:57.790] [TRACE] - Setting capability [key: autoGrantPermissions, value: false]... (CapabilityUtils:64) 
[11:37:57.791] [TRACE] - Setting capability [key: app, value: /Users/sedmad1/Documents/WS/AppiumPOC/src/test/resources/apps/android/JTV_Go-ProdRelease-v2.4.0.apk]... (CapabilityUtils:64) 
[11:37:57.791] [TRACE] - Building Device capabilities completed... (Device:255) 
[11:37:57.791] [TRACE] - Starting [Android] device driver... (Device:404) 
[11:37:57.791] [TRACE] - Fetching Appium Service URL... (AppiumServer:108) 
[11:37:57.791] [TRACE] - Initializing driver... (Device:260) 
[11:38:26.644] [TRACE] - Getting [Android] device driver... (Device:167) 
[11:38:26.645] [TRACE] - Getting [Android] device driver... (Device:167) 
[11:38:26.660] [TRACE] - Preparing to perform actions on Android device element [Main]... (AndroidActivity:67) 
[11:38:26.661] [TRACE] - Loading elements on [Android] activity... (DeviceActivity:218) 
[11:38:26.664] [TRACE] - Checking if Appium Service is running... (AppiumServer:130) 
[11:38:26.668] [TRACE] - Getting element with name [Main]... (DeviceActivity:98) 
[11:38:26.668] [TRACE] - Getting [Android] device driver... (Device:167) 
[11:38:27.364] [TRACE] - Finding root element using [By.id: android:id/content] at index [0]... (DeviceActivity:167) 
[11:38:27.426] [TRACE] - Getting [Android] device driver... (Device:167) 
[11:38:27.426] [TRACE] - Getting [Android] device driver... (Device:167) 
[11:38:27.540] [INFO ] - Clicking on element [Main]... (DeviceElementActions:321) 
[11:38:27.641] [TRACE] - Closing & Quitting [Android] device driver... (Device:280) 
[11:38:29.752] [TRACE] - Trying to stop Appium Service... (AppiumServer:173) 
[11:38:31.829] [TRACE] - Appium Service Stopped... (AppiumServer:182) 
