[14:27:32.067] [TRACE] - Initializing Appium Service started... (AppiumServer:240) 
[14:27:32.082] [TRACE] - Initializing Appium Service done... (AppiumServer:243) 
[14:27:32.082] [TRACE] - Building Appium Capabilities started... (AppiumServer:193) 
[14:27:32.083] [TRACE] - Setting capability [key: noReset, value: false]... (CapabilityUtils:64) 
[14:27:32.083] [TRACE] - Setting capability [key: fullReset, value: false]... (CapabilityUtils:64) 
[14:27:32.083] [TRACE] - Setting capability [key: newCommandTimeout, value: 120]... (CapabilityUtils:64) 
[14:27:32.083] [TRACE] - Building Appium Capabilities completed... (AppiumServer:200) 
[14:27:32.083] [TRACE] - Building Appium Service started... (AppiumServer:204) 
[14:27:32.092] [TRACE] - Building Appium Service done... (AppiumServer:215) 
[14:27:32.092] [TRACE] - Starting Appium Service... (AppiumServer:148) 
[14:27:34.766] [TRACE] - Appium Service Started... (AppiumServer:160) 
[14:27:34.775] [TRACE] - Building Device capabilities... (Device:225) 
[14:27:34.776] [TRACE] - Setting capability [key: deviceName, value: 98892a383146365553]... (CapabilityUtils:64) 
[14:27:34.776] [TRACE] - Setting capability [key: platformName, value: Android]... (CapabilityUtils:64) 
[14:27:34.776] [TRACE] - Setting capability [key: noReset, value: false]... (CapabilityUtils:64) 
[14:27:34.776] [TRACE] - Setting capability [key: fullReset, value: true]... (CapabilityUtils:64) 
[14:27:34.777] [TRACE] - Setting capability [key: newCommandTimeout, value: 120000]... (CapabilityUtils:64) 
[14:27:34.777] [TRACE] - Setting capability [key: clearSystemFiles, value: true]... (CapabilityUtils:64) 
[14:27:34.777] [TRACE] - Setting capability [key: automationName, value: Appium]... (CapabilityUtils:64) 
[14:27:34.777] [TRACE] - Setting capability [key: eventTimings, value: false]... (CapabilityUtils:64) 
[14:27:34.778] [TRACE] - Setting capability [key: appActivity, value: com.jtv.activity.SplashActivity]... (CapabilityUtils:64) 
[14:27:34.778] [TRACE] - Setting capability [key: appPackage, value: com.jtv.staging]... (CapabilityUtils:64) 
[14:27:34.778] [TRACE] - Setting capability [key: appWaitDuration, value: 0]... (CapabilityUtils:64) 
[14:27:34.778] [TRACE] - Setting capability [key: androidInstallTimeout, value: 0]... (CapabilityUtils:64) 
[14:27:34.779] [TRACE] - Setting capability [key: autoGrantPermissions, value: false]... (CapabilityUtils:64) 
[14:27:34.779] [TRACE] - Setting capability [key: app, value: /Users/sedmad1/Documents/WS/AppiumPOC/src/test/resources/apps/android/JTV_Go-ProdRelease-v2.4.0.apk]... (CapabilityUtils:64) 
[14:27:34.779] [TRACE] - Building Device capabilities completed... (Device:255) 
[14:27:34.779] [TRACE] - Starting [Android] device driver... (Device:404) 
[14:27:34.779] [TRACE] - Fetching Appium Service URL... (AppiumServer:108) 
[14:27:34.780] [TRACE] - Initializing driver... (Device:260) 
[14:28:04.918] [TRACE] - Getting [Android] device driver... (Device:167) 
[14:28:04.919] [TRACE] - Getting [Android] device driver... (Device:167) 
[14:28:04.934] [TRACE] - Preparing to perform actions on Android device element [Main]... (AndroidActivity:67) 
[14:28:04.935] [TRACE] - Loading elements on [Android] activity... (DeviceActivity:218) 
[14:28:04.937] [TRACE] - Checking if Appium Service is running... (AppiumServer:130) 
[14:28:04.941] [TRACE] - Getting element with name [Main]... (DeviceActivity:98) 
[14:28:04.942] [TRACE] - Getting [Android] device driver... (Device:167) 
[14:28:05.653] [TRACE] - Finding root element using [By.id: android:id/content] at index [0]... (DeviceActivity:167) 
[14:28:05.709] [TRACE] - Getting [Android] device driver... (Device:167) 
[14:28:05.710] [TRACE] - Getting [Android] device driver... (Device:167) 
[14:28:05.810] [INFO ] - Clicking on element [Main]... (DeviceElementActions:321) 
[14:28:05.951] [TRACE] - Closing & Quitting [Android] device driver... (Device:280) 
[14:28:08.563] [TRACE] - Trying to stop Appium Service... (AppiumServer:173) 
[14:28:10.656] [TRACE] - Appium Service Stopped... (AppiumServer:182) 
