[10:07:08.473] [TRACE] - Initializing Appium Service started... (AppiumServer:240) 
[10:07:08.488] [TRACE] - Initializing Appium Service done... (AppiumServer:243) 
[10:07:08.488] [TRACE] - Building Appium Capabilities started... (AppiumServer:193) 
[10:07:08.489] [TRACE] - Setting capability [key: noReset, value: false]... (CapabilityUtils:64) 
[10:07:08.489] [TRACE] - Setting capability [key: fullReset, value: false]... (CapabilityUtils:64) 
[10:07:08.489] [TRACE] - Setting capability [key: newCommandTimeout, value: 120]... (CapabilityUtils:64) 
[10:07:08.489] [TRACE] - Building Appium Capabilities completed... (AppiumServer:200) 
[10:07:08.490] [TRACE] - Building Appium Service started... (AppiumServer:204) 
[10:07:08.496] [TRACE] - Building Appium Service done... (AppiumServer:215) 
[10:07:08.496] [TRACE] - Starting Appium Service... (AppiumServer:148) 
[10:07:09.230] [TRACE] - Appium Service Started... (AppiumServer:160) 
[10:07:09.239] [TRACE] - Building Device capabilities... (Device:225) 
[10:07:09.239] [TRACE] - Setting capability [key: deviceName, value: 98892a383146365553]... (CapabilityUtils:64) 
[10:07:09.240] [TRACE] - Setting capability [key: platformName, value: Android]... (CapabilityUtils:64) 
[10:07:09.240] [TRACE] - Setting capability [key: noReset, value: false]... (CapabilityUtils:64) 
[10:07:09.240] [TRACE] - Setting capability [key: fullReset, value: true]... (CapabilityUtils:64) 
[10:07:09.240] [TRACE] - Setting capability [key: newCommandTimeout, value: 120000]... (CapabilityUtils:64) 
[10:07:09.240] [TRACE] - Setting capability [key: clearSystemFiles, value: true]... (CapabilityUtils:64) 
[10:07:09.240] [TRACE] - Setting capability [key: automationName, value: Appium]... (CapabilityUtils:64) 
[10:07:09.241] [TRACE] - Setting capability [key: eventTimings, value: false]... (CapabilityUtils:64) 
[10:07:09.241] [TRACE] - Setting capability [key: appActivity, value: com.jtv.activity.SplashActivity]... (CapabilityUtils:64) 
[10:07:09.241] [TRACE] - Setting capability [key: appPackage, value: com.jtv.staging]... (CapabilityUtils:64) 
[10:07:09.242] [TRACE] - Setting capability [key: appWaitDuration, value: 0]... (CapabilityUtils:64) 
[10:07:09.242] [TRACE] - Setting capability [key: androidInstallTimeout, value: 0]... (CapabilityUtils:64) 
[10:07:09.242] [TRACE] - Setting capability [key: autoGrantPermissions, value: false]... (CapabilityUtils:64) 
[10:07:09.242] [TRACE] - Setting capability [key: app, value: /Users/sedmad1/Documents/WS/AppiumPOC/src/test/resources/apps/android/JTV_Go-ProdRelease-v2.4.0.apk]... (CapabilityUtils:64) 
[10:07:09.243] [TRACE] - Building Device capabilities completed... (Device:255) 
[10:07:09.243] [TRACE] - Starting [Android] device driver... (Device:404) 
[10:07:09.243] [TRACE] - Fetching Appium Service URL... (AppiumServer:108) 
[10:07:09.243] [TRACE] - Initializing driver... (Device:260) 
