[10:09:52.341] [TRACE] - Initializing Appium Service started... (AppiumServer:240) 
[10:09:52.355] [TRACE] - Initializing Appium Service done... (AppiumServer:243) 
[10:09:52.355] [TRACE] - Building Appium Capabilities started... (AppiumServer:193) 
[10:09:52.355] [TRACE] - Setting capability [key: noReset, value: false]... (CapabilityUtils:64) 
[10:09:52.356] [TRACE] - Setting capability [key: fullReset, value: false]... (CapabilityUtils:64) 
[10:09:52.356] [TRACE] - Setting capability [key: newCommandTimeout, value: 120]... (CapabilityUtils:64) 
[10:09:52.356] [TRACE] - Building Appium Capabilities completed... (AppiumServer:200) 
[10:09:52.356] [TRACE] - Building Appium Service started... (AppiumServer:204) 
[10:09:52.362] [TRACE] - Building Appium Service done... (AppiumServer:215) 
[10:09:52.362] [TRACE] - Starting Appium Service... (AppiumServer:148) 
[10:09:53.092] [TRACE] - Appium Service Started... (AppiumServer:160) 
[10:09:53.102] [TRACE] - Building Device capabilities... (Device:225) 
[10:09:53.103] [TRACE] - Setting capability [key: deviceName, value: 98892a383146365553]... (CapabilityUtils:64) 
[10:09:53.103] [TRACE] - Setting capability [key: platformName, value: Android]... (CapabilityUtils:64) 
[10:09:53.103] [TRACE] - Setting capability [key: noReset, value: false]... (CapabilityUtils:64) 
[10:09:53.104] [TRACE] - Setting capability [key: fullReset, value: true]... (CapabilityUtils:64) 
[10:09:53.104] [TRACE] - Setting capability [key: newCommandTimeout, value: 120000]... (CapabilityUtils:64) 
[10:09:53.104] [TRACE] - Setting capability [key: clearSystemFiles, value: true]... (CapabilityUtils:64) 
[10:09:53.104] [TRACE] - Setting capability [key: automationName, value: Appium]... (CapabilityUtils:64) 
[10:09:53.104] [TRACE] - Setting capability [key: eventTimings, value: false]... (CapabilityUtils:64) 
[10:09:53.105] [TRACE] - Setting capability [key: appActivity, value: com.jtv.activity.SplashActivity]... (CapabilityUtils:64) 
[10:09:53.105] [TRACE] - Setting capability [key: appPackage, value: com.jtv.staging]... (CapabilityUtils:64) 
[10:09:53.105] [TRACE] - Setting capability [key: appWaitDuration, value: 0]... (CapabilityUtils:64) 
[10:09:53.106] [TRACE] - Setting capability [key: androidInstallTimeout, value: 0]... (CapabilityUtils:64) 
[10:09:53.106] [TRACE] - Setting capability [key: autoGrantPermissions, value: false]... (CapabilityUtils:64) 
[10:09:53.106] [TRACE] - Setting capability [key: app, value: /Users/sedmad1/Documents/WS/AppiumPOC/src/test/resources/apps/android/JTV_Go-ProdRelease-v2.4.0.apk]... (CapabilityUtils:64) 
[10:09:53.106] [TRACE] - Building Device capabilities completed... (Device:255) 
[10:09:53.107] [TRACE] - Starting [Android] device driver... (Device:404) 
[10:09:53.107] [TRACE] - Fetching Appium Service URL... (AppiumServer:108) 
[10:09:53.107] [TRACE] - Initializing driver... (Device:260) 
[10:10:22.553] [TRACE] - Getting [Android] device driver... (Device:167) 
[10:10:22.554] [TRACE] - Getting [Android] device driver... (Device:167) 
[10:10:22.569] [TRACE] - Preparing to perform actions on Android device element [Main]... (AndroidActivity:67) 
[10:10:22.570] [TRACE] - Loading elements on [Android] activity... (DeviceActivity:218) 
[10:10:22.573] [TRACE] - Checking if Appium Service is running... (AppiumServer:130) 
[10:10:22.578] [TRACE] - Getting element with name [Main]... (DeviceActivity:98) 
[10:10:22.578] [TRACE] - Getting [Android] device driver... (Device:167) 
[10:10:23.379] [TRACE] - Finding root element using [By.id: android:id/content] at index [0]... (DeviceActivity:167) 
[10:10:23.430] [TRACE] - Getting [Android] device driver... (Device:167) 
[10:10:23.430] [TRACE] - Getting [Android] device driver... (Device:167) 
[10:10:23.522] [INFO ] - Clicking on element [Main]... (DeviceElementActions:321) 
[10:10:23.632] [TRACE] - Preparing to perform actions on Android device element [GetStarted]... (AndroidActivity:67) 
[10:10:23.632] [TRACE] - Getting element with name [GetStarted]... (DeviceActivity:98) 
[10:10:23.635] [ERROR] - com.github.wasiqb.coteafs.appium.error.DeviceElementNameNotFoundError: DeviceElement with name [GetStarted] not found. (ErrorUtils:66) 
[10:10:23.636] [ERROR] - 	at sun.reflect.NativeConstructorAccessorImpl.newInstance0(Native Method) (ErrorUtils:69) 
[10:10:23.636] [ERROR] - 	at sun.reflect.NativeConstructorAccessorImpl.newInstance(NativeConstructorAccessorImpl.java:62) (ErrorUtils:69) 
[10:10:23.636] [ERROR] - 	at sun.reflect.DelegatingConstructorAccessorImpl.newInstance(DelegatingConstructorAccessorImpl.java:45) (ErrorUtils:69) 
[10:10:23.637] [ERROR] - 	at java.lang.reflect.Constructor.newInstance(Constructor.java:423) (ErrorUtils:69) 
[10:10:23.637] [ERROR] - 	at com.github.wasiqb.coteafs.error.util.ErrorUtil.fail(ErrorUtil.java:102) (ErrorUtils:69) 
[10:10:23.637] [ERROR] - 	at com.github.wasiqb.coteafs.error.util.ErrorUtil.fail(ErrorUtil.java:70) (ErrorUtils:69) 
[10:10:23.637] [ERROR] - 	at com.github.wasiqb.coteafs.appium.utils.ErrorUtils.fail(ErrorUtils.java:53) (ErrorUtils:69) 
[10:10:23.638] [ERROR] - 	at com.github.wasiqb.coteafs.appium.utils.ErrorUtils.fail(ErrorUtils.java:40) (ErrorUtils:69) 
[10:10:23.638] [ERROR] - 	at com.github.wasiqb.coteafs.appium.device.DeviceActivity.getDeviceElement(DeviceActivity.java:211) (ErrorUtils:69) 
[10:10:23.638] [ERROR] - 	at com.github.wasiqb.coteafs.appium.device.DeviceActivity.getElement(DeviceActivity.java:99) (ErrorUtils:69) 
[10:10:23.639] [ERROR] - 	at com.github.wasiqb.coteafs.appium.android.AndroidActivity.onElement(AndroidActivity.java:68) (ErrorUtils:69) 
[10:10:23.639] [ERROR] - 	at com.jtv.tests.getStartedTest.testGetStarted(getStartedTest.java:33) (ErrorUtils:69) 
[10:10:23.639] [ERROR] - 	at sun.reflect.NativeMethodAccessorImpl.invoke0(Native Method) (ErrorUtils:69) 
[10:10:23.639] [ERROR] - 	at sun.reflect.NativeMethodAccessorImpl.invoke(NativeMethodAccessorImpl.java:62) (ErrorUtils:69) 
[10:10:23.640] [ERROR] - 	at sun.reflect.DelegatingMethodAccessorImpl.invoke(DelegatingMethodAccessorImpl.java:43) (ErrorUtils:69) 
[10:10:23.640] [ERROR] - 	at java.lang.reflect.Method.invoke(Method.java:498) (ErrorUtils:69) 
[10:10:23.640] [ERROR] - 	at org.testng.internal.MethodInvocationHelper.invokeMethod(MethodInvocationHelper.java:108) (ErrorUtils:69) 
[10:10:23.640] [ERROR] - 	at org.testng.internal.Invoker.invokeMethod(Invoker.java:661) (ErrorUtils:69) 
[10:10:23.641] [ERROR] - 	at org.testng.internal.Invoker.invokeTestMethod(Invoker.java:869) (ErrorUtils:69) 
[10:10:23.641] [ERROR] - 	at org.testng.internal.Invoker.invokeTestMethods(Invoker.java:1193) (ErrorUtils:69) 
[10:10:23.641] [ERROR] - 	at org.testng.internal.TestMethodWorker.invokeTestMethods(TestMethodWorker.java:126) (ErrorUtils:69) 
[10:10:23.641] [ERROR] - 	at org.testng.internal.TestMethodWorker.run(TestMethodWorker.java:109) (ErrorUtils:69) 
[10:10:23.642] [ERROR] - 	at org.testng.TestRunner.privateRun(TestRunner.java:744) (ErrorUtils:69) 
[10:10:23.642] [ERROR] - 	at org.testng.TestRunner.run(TestRunner.java:602) (ErrorUtils:69) 
[10:10:23.642] [ERROR] - 	at org.testng.SuiteRunner.runTest(SuiteRunner.java:380) (ErrorUtils:69) 
[10:10:23.642] [ERROR] - 	at org.testng.SuiteRunner.runSequentially(SuiteRunner.java:375) (ErrorUtils:69) 
[10:10:23.643] [ERROR] - 	at org.testng.SuiteRunner.privateRun(SuiteRunner.java:340) (ErrorUtils:69) 
[10:10:23.643] [ERROR] - 	at org.testng.SuiteRunner.run(SuiteRunner.java:289) (ErrorUtils:69) 
[10:10:23.643] [ERROR] - 	at org.testng.SuiteRunnerWorker.runSuite(SuiteRunnerWorker.java:52) (ErrorUtils:69) 
[10:10:23.643] [ERROR] - 	at org.testng.SuiteRunnerWorker.run(SuiteRunnerWorker.java:86) (ErrorUtils:69) 
[10:10:23.644] [ERROR] - 	at org.testng.TestNG.runSuitesSequentially(TestNG.java:1301) (ErrorUtils:69) 
[10:10:23.644] [ERROR] - 	at org.testng.TestNG.runSuitesLocally(TestNG.java:1226) (ErrorUtils:69) 
[10:10:23.644] [ERROR] - 	at org.testng.TestNG.runSuites(TestNG.java:1144) (ErrorUtils:69) 
[10:10:23.644] [ERROR] - 	at org.testng.TestNG.run(TestNG.java:1115) (ErrorUtils:69) 
[10:10:23.645] [ERROR] - 	at org.apache.maven.surefire.testng.TestNGExecutor.run(TestNGExecutor.java:178) (ErrorUtils:69) 
[10:10:23.645] [ERROR] - 	at org.apache.maven.surefire.testng.TestNGXmlTestSuite.execute(TestNGXmlTestSuite.java:92) (ErrorUtils:69) 
[10:10:23.645] [ERROR] - 	at org.apache.maven.surefire.testng.TestNGProvider.invoke(TestNGProvider.java:96) (ErrorUtils:69) 
[10:10:23.646] [ERROR] - 	at sun.reflect.NativeMethodAccessorImpl.invoke0(Native Method) (ErrorUtils:69) 
[10:10:23.646] [ERROR] - 	at sun.reflect.NativeMethodAccessorImpl.invoke(NativeMethodAccessorImpl.java:62) (ErrorUtils:69) 
[10:10:23.646] [ERROR] - 	at sun.reflect.DelegatingMethodAccessorImpl.invoke(DelegatingMethodAccessorImpl.java:43) (ErrorUtils:69) 
[10:10:23.646] [ERROR] - 	at java.lang.reflect.Method.invoke(Method.java:498) (ErrorUtils:69) 
[10:10:23.647] [ERROR] - 	at org.apache.maven.surefire.util.ReflectionUtils.invokeMethodWithArray2(ReflectionUtils.java:208) (ErrorUtils:69) 
[10:10:23.647] [ERROR] - 	at org.apache.maven.surefire.booter.ProviderFactory$ProviderProxy.invoke(ProviderFactory.java:159) (ErrorUtils:69) 
[10:10:23.647] [ERROR] - 	at org.apache.maven.surefire.booter.ProviderFactory.invokeProvider(ProviderFactory.java:87) (ErrorUtils:69) 
[10:10:23.647] [ERROR] - 	at org.apache.maven.surefire.booter.ForkedBooter.runSuitesInProcess(ForkedBooter.java:153) (ErrorUtils:69) 
[10:10:23.648] [ERROR] - 	at org.apache.maven.surefire.booter.ForkedBooter.main(ForkedBooter.java:95) (ErrorUtils:69) 
[10:10:23.651] [TRACE] - Closing & Quitting [Android] device driver... (Device:280) 
[10:10:25.643] [TRACE] - Trying to stop Appium Service... (AppiumServer:173) 
[10:10:27.727] [TRACE] - Appium Service Stopped... (AppiumServer:182) 
