[13:27:05.259] [TRACE] - Initializing Appium Service done... (AppiumServer:243) 
[13:27:05.260] [TRACE] - Building Appium Capabilities started... (AppiumServer:193) 
[13:27:05.260] [TRACE] - Setting capability [key: noReset, value: false]... (CapabilityUtils:64) 
[13:27:05.260] [TRACE] - Setting capability [key: fullReset, value: false]... (CapabilityUtils:64) 
[13:27:05.260] [TRACE] - Setting capability [key: newCommandTimeout, value: 120]... (CapabilityUtils:64) 
[13:27:05.261] [TRACE] - Building Appium Capabilities completed... (AppiumServer:200) 
[13:27:05.261] [TRACE] - Building Appium Service started... (AppiumServer:204) 
[13:27:05.276] [TRACE] - Building Appium Service done... (AppiumServer:215) 
[13:27:05.276] [TRACE] - Starting Appium Service... (AppiumServer:148) 
[13:27:07.647] [TRACE] - Appium Service Started... (AppiumServer:160) 
[13:27:07.658] [TRACE] - Building Device capabilities... (Device:225) 
[13:27:07.659] [TRACE] - Setting capability [key: deviceName, value: 98892a383146365553]... (CapabilityUtils:64) 
[13:27:07.659] [TRACE] - Setting capability [key: platformName, value: Android]... (CapabilityUtils:64) 
[13:27:07.660] [TRACE] - Setting capability [key: noReset, value: false]... (CapabilityUtils:64) 
[13:27:07.660] [TRACE] - Setting capability [key: fullReset, value: true]... (CapabilityUtils:64) 
[13:27:07.660] [TRACE] - Setting capability [key: newCommandTimeout, value: 120000]... (CapabilityUtils:64) 
[13:27:07.660] [TRACE] - Setting capability [key: clearSystemFiles, value: true]... (CapabilityUtils:64) 
[13:27:07.660] [TRACE] - Setting capability [key: automationName, value: Appium]... (CapabilityUtils:64) 
[13:27:07.661] [TRACE] - Setting capability [key: eventTimings, value: false]... (CapabilityUtils:64) 
[13:27:07.662] [TRACE] - Setting capability [key: appActivity, value: com.jtv.activity.SplashActivity]... (CapabilityUtils:64) 
[13:27:07.662] [TRACE] - Setting capability [key: appPackage, value: com.jtv.staging]... (CapabilityUtils:64) 
[13:27:07.662] [TRACE] - Setting capability [key: appWaitDuration, value: 0]... (CapabilityUtils:64) 
[13:27:07.662] [TRACE] - Setting capability [key: androidInstallTimeout, value: 0]... (CapabilityUtils:64) 
[13:27:07.663] [TRACE] - Setting capability [key: autoGrantPermissions, value: false]... (CapabilityUtils:64) 
[13:27:07.663] [TRACE] - Setting capability [key: app, value: /Users/sedmad1/Documents/WS/AppiumPOC/src/test/resources/apps/android/JTV_Go-ProdRelease-v2.4.0.apk]... (CapabilityUtils:64) 
[13:27:07.663] [TRACE] - Building Device capabilities completed... (Device:255) 
[13:27:07.663] [TRACE] - Starting [Android] device driver... (Device:404) 
[13:27:07.663] [TRACE] - Fetching Appium Service URL... (AppiumServer:108) 
[13:27:07.664] [TRACE] - Initializing driver... (Device:260) 
[13:27:41.873] [TRACE] - Getting [Android] device driver... (Device:167) 
[13:27:41.876] [TRACE] - Getting [Android] device driver... (Device:167) 
[13:27:41.905] [TRACE] - Preparing to perform actions on Android device element [Main]... (AndroidActivity:67) 
[13:27:41.906] [TRACE] - Loading elements on [Android] activity... (DeviceActivity:218) 
[13:27:41.908] [TRACE] - Checking if Appium Service is running... (AppiumServer:130) 
[13:27:41.912] [TRACE] - Getting element with name [Main]... (DeviceActivity:98) 
[13:27:41.913] [TRACE] - Getting [Android] device driver... (Device:167) 
[13:27:42.680] [TRACE] - Finding root element using [By.id: android:id/content] at index [0]... (DeviceActivity:167) 
[13:27:42.759] [TRACE] - Getting [Android] device driver... (Device:167) 
[13:27:42.760] [TRACE] - Getting [Android] device driver... (Device:167) 
[13:27:42.864] [INFO ] - Clicking on element [Main]... (DeviceElementActions:321) 
[13:27:42.963] [TRACE] - Closing & Quitting [Android] device driver... (Device:280) 
[13:27:45.506] [TRACE] - Trying to stop Appium Service... (AppiumServer:173) 
[13:27:47.621] [TRACE] - Appium Service Stopped... (AppiumServer:182) 
